<?xml version="1.0" encoding="UTF-8"?>
<!-- Generated by org.testng.reporters.JUnitReportReporter -->
<testsuite hostname="Dell-Laptop-2nd-Floor-room1" failures="0" tests="2" name="runner.Runner" time="31.408" errors="0" timestamp="2024-01-09T08:28:05 IST" skipped="0">
  <testcase classname="runner.Runner" name="runScenario" time="13.996"/>
  <system-out>
    <![CDATA[openBrowser
closeBrowser]]>
  </system-out>
  <testcase classname="runner.Runner" name="runScenario" time="17.412"/>
  <system-out>
    <![CDATA[openBrowser
closeBrowser]]>
  </system-out>
</testsuite> <!-- runner.Runner -->
