<?xml version="1.0" encoding="UTF-8"?>
<!-- Generated by org.testng.reporters.JUnitReportReporter -->
<testsuite hostname="Dell-Laptop-2nd-Floor-room1" failures="0" tests="1" name="runner.Runner" time="14.899" errors="0" timestamp="2024-01-08T09:32:14 IST" skipped="0">
  <testcase classname="runner.Runner" name="runScenario" time="14.899"/>
  <system-out>
    <![CDATA[openBrowser
closeBrowser]]>
  </system-out>
</testsuite> <!-- runner.Runner -->
